0 info it worked if it ends with ok
1 verbose cli [ '/Volumes/Macintosh_HD_2/Users/altsang/.nvm/v0.8.12/bin/node',
1 verbose cli   '/Volumes/Macintosh_HD_2/Users/altsang/.nvm/v0.8.12/bin/npm',
1 verbose cli   'install' ]
2 info using npm@1.1.63
3 info using node@v0.8.12
4 verbose read json /Volumes/Macintosh_HD_2/Users/altsang/Documents/workspace/bobamo/plugins/visualize/package.json
5 error install Couldn't read dependencies
6 error Failed to parse json
6 error Unexpected end of input
7 error File: /Volumes/Macintosh_HD_2/Users/altsang/Documents/workspace/bobamo/plugins/visualize/package.json
8 error Failed to parse package.json data.
8 error package.json must be actual JSON, not just JavaScript.
8 error
8 error This is not a bug in npm.
8 error Tell the package author to fix their package.json file. JSON.parse
9 error System Darwin 11.4.2
10 error command "/Volumes/Macintosh_HD_2/Users/altsang/.nvm/v0.8.12/bin/node" "/Volumes/Macintosh_HD_2/Users/altsang/.nvm/v0.8.12/bin/npm" "install"
11 error cwd /Volumes/Macintosh_HD_2/Users/altsang/Documents/workspace/bobamo/plugins/visualize
12 error node -v v0.8.12
13 error npm -v 1.1.63
14 error file /Volumes/Macintosh_HD_2/Users/altsang/Documents/workspace/bobamo/plugins/visualize/package.json
15 error code EJSONPARSE
16 verbose exit [ 1, true ]
